<?xml version="1.0" encoding="UTF-8"?>
<!-- Generated by org.testng.reporters.JUnitReportReporter -->
<testsuite hostname="hp" failures="0" tests="3" name="orderingProduct.orderProduct" time="13.599" errors="0" timestamp="2025-07-06T15:05:55 IST" skipped="0">
  <testcase classname="orderingProduct.orderProduct" name="verifyHomepage" time="0.127"/>
  <testcase classname="orderingProduct.orderProduct" name="browserProduct" time="10.657"/>
  <testcase classname="orderingProduct.orderProduct" name="selectProduct" time="2.815"/>
</testsuite> <!-- orderingProduct.orderProduct -->
