<?xml version="1.0" encoding="UTF-8"?>
<!-- Generated by org.testng.reporters.JUnitReportReporter -->
<testsuite hostname="hp" failures="0" tests="4" name="simpleSeleniumTestCases.TC_02_orderMtplAmznProducts" time="8.633" errors="0" timestamp="2025-07-06T23:39:17 IST" skipped="0">
  <testcase classname="simpleSeleniumTestCases.TC_02_orderMtplAmznProducts" name="verifyHomepage" time="0.042"/>
  <testcase classname="simpleSeleniumTestCases.TC_02_orderMtplAmznProducts" name="browserProduct" time="6.668"/>
  <testcase classname="simpleSeleniumTestCases.TC_02_orderMtplAmznProducts" name="quantity" time="0.444"/>
  <testcase classname="simpleSeleniumTestCases.TC_02_orderMtplAmznProducts" name="addToBucket" time="1.479"/>
</testsuite> <!-- simpleSeleniumTestCases.TC_02_orderMtplAmznProducts -->
