<?xml version="1.0" encoding="UTF-8"?>
<!-- Generated by org.testng.reporters.JUnitReportReporter -->
<testsuite hostname="hp" failures="0" tests="2" name="orderMultipleAmznProducts.orderMtplAmznProducts" time="6.406" errors="0" timestamp="2025-07-06T16:21:19 IST" skipped="0">
  <testcase classname="orderMultipleAmznProducts.orderMtplAmznProducts" name="verifyHomepage" time="2.480"/>
  <testcase classname="orderMultipleAmznProducts.orderMtplAmznProducts" name="searchProduct" time="3.926"/>
</testsuite> <!-- orderMultipleAmznProducts.orderMtplAmznProducts -->
