<?xml version="1.0" encoding="UTF-8"?>
<!-- Generated by org.testng.reporters.JUnitReportReporter -->
<testsuite hostname="hp" failures="0" tests="3" name="orderMultipleAmznProducts.TC_01_orderSingleProduct" time="13.700" errors="0" timestamp="2025-07-06T17:11:12 IST" skipped="0">
  <testcase classname="orderMultipleAmznProducts.TC_01_orderSingleProduct" name="verifyHomepage" time="0.133"/>
  <testcase classname="orderMultipleAmznProducts.TC_01_orderSingleProduct" name="browserProduct" time="10.682"/>
  <testcase classname="orderMultipleAmznProducts.TC_01_orderSingleProduct" name="selectProduct" time="2.885"/>
</testsuite> <!-- orderMultipleAmznProducts.TC_01_orderSingleProduct -->
