<?xml version="1.0" encoding="UTF-8"?>
<!-- Generated by org.testng.reporters.JUnitReportReporter -->
<testsuite hostname="hp" failures="0" tests="2" name="orderMultipleAmznProducts.TC_02_orderMtplAmznProducts" time="0.594" errors="0" timestamp="2025-07-06T17:11:12 IST" skipped="0">
  <testcase classname="orderMultipleAmznProducts.TC_02_orderMtplAmznProducts" name="verifyHomepage" time="0.141"/>
  <testcase classname="orderMultipleAmznProducts.TC_02_orderMtplAmznProducts" name="searchProduct" time="0.453"/>
</testsuite> <!-- orderMultipleAmznProducts.TC_02_orderMtplAmznProducts -->
