<?xml version="1.0" encoding="UTF-8"?>
<!-- Generated by org.testng.reporters.JUnitReportReporter -->
<testsuite hostname="hp" failures="0" tests="2" name="com.example.selenium.orangeAppTesting" time="3.882" errors="0" timestamp="2025-07-05T04:57:29 IST" skipped="0">
  <testcase classname="com.example.selenium.orangeAppTesting" name="testLogin" time="2.527"/>
  <testcase classname="com.example.selenium.orangeAppTesting" name="testOpenAboutFromUserDropdown" time="1.355"/>
</testsuite> <!-- com.example.selenium.orangeAppTesting -->
