<?xml version="1.0" encoding="UTF-8"?>
<!-- Generated by org.testng.reporters.JUnitReportReporter -->
<testsuite hostname="hp" failures="0" tests="4" name="simpleSeleniumTestCases.TC_02_orderMtplAmznProducts" time="9.952" errors="0" timestamp="2025-07-07T00:32:37 IST" skipped="0">
  <testcase classname="simpleSeleniumTestCases.TC_02_orderMtplAmznProducts" name="verifyHomepage" time="0.038"/>
  <testcase classname="simpleSeleniumTestCases.TC_02_orderMtplAmznProducts" name="browserProduct" time="8.110"/>
  <testcase classname="simpleSeleniumTestCases.TC_02_orderMtplAmznProducts" name="quantity" time="0.351"/>
  <testcase classname="simpleSeleniumTestCases.TC_02_orderMtplAmznProducts" name="addToBucket" time="1.453"/>
</testsuite> <!-- simpleSeleniumTestCases.TC_02_orderMtplAmznProducts -->
