<?xml version="1.0" encoding="UTF-8"?>
<!-- Generated by org.testng.reporters.JUnitReportReporter -->
<testsuite hostname="hp" failures="0" tests="1" name="sampleAllTexts.sampleClassForAllTestcases" time="6.455" errors="0" timestamp="2025-07-12T00:01:15 IST" skipped="0">
  <testcase classname="sampleAllTexts.sampleClassForAllTestcases" name="main" time="6.455"/>
</testsuite> <!-- sampleAllTexts.sampleClassForAllTestcases -->
