<?xml version="1.0" encoding="UTF-8"?>
<!-- Generated by org.testng.reporters.JUnitReportReporter -->
<testsuite hostname="hp" failures="0" tests="3" name="simpleSeleniumTestCases.TC_02_orderMtplAmznProducts" time="22.808" errors="0" timestamp="2025-07-07T01:55:44 IST" skipped="0">
  <testcase classname="simpleSeleniumTestCases.TC_02_orderMtplAmznProducts" name="verifyHomepage" time="0.106"/>
  <testcase classname="simpleSeleniumTestCases.TC_02_orderMtplAmznProducts" name="browserProduct1" time="7.920"/>
  <testcase classname="simpleSeleniumTestCases.TC_02_orderMtplAmznProducts" name="browserProduct2" time="14.782"/>
</testsuite> <!-- simpleSeleniumTestCases.TC_02_orderMtplAmznProducts -->
