<?xml version="1.0" encoding="UTF-8"?>
<!-- Generated by org.testng.reporters.JUnitReportReporter -->
<testsuite hostname="hp" failures="0" tests="3" name="simpleSeleniumTestCases.TC_01_orderSingleProduct" time="8.153" errors="0" timestamp="2025-07-06T20:30:25 IST" skipped="0">
  <testcase classname="simpleSeleniumTestCases.TC_01_orderSingleProduct" name="verifyHomepage" time="0.040"/>
  <testcase classname="simpleSeleniumTestCases.TC_01_orderSingleProduct" name="searchProduct" time="0.569"/>
  <testcase classname="simpleSeleniumTestCases.TC_01_orderSingleProduct" name="selectProduct" time="7.544"/>
</testsuite> <!-- simpleSeleniumTestCases.TC_01_orderSingleProduct -->
